<?xml version="1.0" encoding="UTF-8" ?>
<testsuite tests="21" failures="2" name="TestSuite" time="73.765" errors="0" skipped="0">
  <properties>
[...]
</properties>
  <testcase classname="TestNgDemo.TestNgMaven.Login_TestCase" name="Verify_Url" time="0.017"/>
  <testcase classname="TestNgDemo.TestNgMaven.Login_TestCase" name="verifyApplicationTitle" time="0.009"/>
  <testcase classname="TestNgDemo.TestNgMaven.Login_TestCase" name="verify_Title" time="0.076"/>
  <testcase classname="TestNgDemo.TestNgMaven.Login_TestCase" name="loginsesion" time="0.008"/>
  <testcase classname="TestNgDemo.TestNgMaven.Login_TestCase" name="Check_PlaceHolder_Username" time="0.021"/>
  <testcase classname="TestNgDemo.TestNgMaven.Login_TestCase" name="Check_PlaceHolder_Password" time="0.016"/>
  <testcase classname="TestNgDemo.TestNgMaven.Login_TestCase" name="check_Button_color" time="0.047"/>
  <testcase classname="TestNgDemo.TestNgMaven.Login_TestCase" name="check_Links" time="0.036"/>
  <testcase classname="TestNgDemo.TestNgMaven.Login_TestCase" name="blank_username_password" time="0.238"/>
  <testcase classname="TestNgDemo.TestNgMaven.Login_TestCase" name="invalidusername_password" time="4.376"/>
  <testcase classname="TestNgDemo.TestNgMaven.Login_TestCase" name="validUsername_Password" time="18.006"/>
  <testcase classname="TestNgDemo.TestNgMaven.Login_TestCase" name="Verify_Url_DashBoard" time="0.037">
    <failure message="expected [file:///D:/AdminLTE/index.html] but found [file:///D:/AdminLTE/pages/examples/dashboard.html]" type="java.lang.AssertionError">java.lang.AssertionError: expected [file:///D:/AdminLTE/index.html] but found [file:///D:/AdminLTE/pages/examples/dashboard.html]
	at org.testng.Assert.fail(Assert.java:94)
	at org.testng.Assert.failNotEquals(Assert.java:494)
	at org.testng.Assert.assertEquals(Assert.java:123)
	at org.testng.Assert.assertEquals(Assert.java:176)
	at org.testng.Assert.assertEquals(Assert.java:186)
	at TestNgDemo.TestNgMaven.Login_TestCase.Verify_Url_DashBoard(Login_TestCase.java:207)
</failure>
    <system-out>page title is file:///D:/AdminLTE/pages/examples/dashboard.html
</system-out>
  </testcase>
  <testcase classname="TestNgDemo.TestNgMaven.Login_TestCase" name="verifyApplicationTitle_DashBoard" time="0.014"/>
  <testcase classname="TestNgDemo.TestNgMaven.Login_TestCase" name="heading_Dashboard" time="2.056"/>
  <testcase classname="TestNgDemo.TestNgMaven.Login_TestCase" name="click_OnUser" time="2.665"/>
  <testcase classname="TestNgDemo.TestNgMaven.Login_TestCase" name="getTableData" time="7.568"/>
  <testcase classname="TestNgDemo.TestNgMaven.Login_TestCase" name="Click_On_AddUser_Btn" time="2.402"/>
  <testcase classname="TestNgDemo.TestNgMaven.Login_TestCase" name="Fill_Form" time="14.547"/>
  <testcase classname="TestNgDemo.TestNgMaven.Login_TestCase" name="clickOn_OperatorBtn" time="10.078"/>
  <testcase classname="TestNgDemo.TestNgMaven.Login_TestCase" name="logOutBtn" time="5.14">
    <failure message="Unable to locate element: {&quot;method&quot;:&quot;xpath&quot;,&quot;selector&quot;:&quot;//span[contains(text(),&apos;Logout1&apos;)]&quot;}
Command duration or timeout: 5.11 seconds
For documentation on this error, please visit: http://seleniumhq.org/exceptions/no_such_element.html
Build info: version: &apos;2.53.0&apos;, revision: &apos;35ae25b1534ae328c771e0856c93e187490ca824&apos;, time: &apos;2016-03-15 10:43:46&apos;
System info: host: &apos;DESKTOP-MDH6837&apos;, ip: &apos;192.168.217.1&apos;, os.name: &apos;Windows 10&apos;, os.arch: &apos;amd64&apos;, os.version: &apos;10.0&apos;, java.version: &apos;1.8.0_144&apos;
Driver info: org.openqa.selenium.firefox.FirefoxDriver
Capabilities [{applicationCacheEnabled=true, rotatable=false, handlesAlerts=true, databaseEnabled=true, version=46.0.1, platform=WINDOWS, nativeEvents=false, acceptSslCerts=true, webStorageEnabled=true, locationContextEnabled=true, browserName=firefox, takesScreenshot=true, javascriptEnabled=true, cssSelectorsEnabled=true}]
Session ID: 41357a2a-9dcd-4405-bf1f-2ac8c50aa2bb
*** Element info: {Using=xpath, value=//span[contains(text(),&apos;Logout1&apos;)]}" type="org.openqa.selenium.NoSuchElementException">org.openqa.selenium.NoSuchElementException: Unable to locate element: {&quot;method&quot;:&quot;xpath&quot;,&quot;selector&quot;:&quot;//span[contains(text(),&apos;Logout1&apos;)]&quot;}
Command duration or timeout: 5.11 seconds
For documentation on this error, please visit: http://seleniumhq.org/exceptions/no_such_element.html
Build info: version: &apos;2.53.0&apos;, revision: &apos;35ae25b1534ae328c771e0856c93e187490ca824&apos;, time: &apos;2016-03-15 10:43:46&apos;
System info: host: &apos;DESKTOP-MDH6837&apos;, ip: &apos;192.168.217.1&apos;, os.name: &apos;Windows 10&apos;, os.arch: &apos;amd64&apos;, os.version: &apos;10.0&apos;, java.version: &apos;1.8.0_144&apos;
Driver info: org.openqa.selenium.firefox.FirefoxDriver
Capabilities [{applicationCacheEnabled=true, rotatable=false, handlesAlerts=true, databaseEnabled=true, version=46.0.1, platform=WINDOWS, nativeEvents=false, acceptSslCerts=true, webStorageEnabled=true, locationContextEnabled=true, browserName=firefox, takesScreenshot=true, javascriptEnabled=true, cssSelectorsEnabled=true}]
Session ID: 41357a2a-9dcd-4405-bf1f-2ac8c50aa2bb
*** Element info: {Using=xpath, value=//span[contains(text(),&apos;Logout1&apos;)]}
	at sun.reflect.NativeConstructorAccessorImpl.newInstance0(Native Method)
	at sun.reflect.NativeConstructorAccessorImpl.newInstance(NativeConstructorAccessorImpl.java:62)
	at sun.reflect.DelegatingConstructorAccessorImpl.newInstance(DelegatingConstructorAccessorImpl.java:45)
	at java.lang.reflect.Constructor.newInstance(Constructor.java:423)
	at org.openqa.selenium.remote.ErrorHandler.createThrowable(ErrorHandler.java:206)
	at org.openqa.selenium.remote.ErrorHandler.throwIfResponseFailed(ErrorHandler.java:158)
	at org.openqa.selenium.remote.RemoteWebDriver.execute(RemoteWebDriver.java:678)
	at org.openqa.selenium.remote.RemoteWebDriver.findElement(RemoteWebDriver.java:363)
	at org.openqa.selenium.remote.RemoteWebDriver.findElementByXPath(RemoteWebDriver.java:500)
	at org.openqa.selenium.By$ByXPath.findElement(By.java:361)
	at org.openqa.selenium.remote.RemoteWebDriver.findElement(RemoteWebDriver.java:355)
	at TestNgDemo.TestNgMaven.Login_TestCase.logOutBtn(Login_TestCase.java:349)
Caused by: org.openqa.selenium.NoSuchElementException: Unable to locate element: {&quot;method&quot;:&quot;xpath&quot;,&quot;selector&quot;:&quot;//span[contains(text(),&apos;Logout1&apos;)]&quot;}
For documentation on this error, please visit: http://seleniumhq.org/exceptions/no_such_element.html
Build info: version: &apos;2.53.0&apos;, revision: &apos;35ae25b1534ae328c771e0856c93e187490ca824&apos;, time: &apos;2016-03-15 10:43:46&apos;
System info: host: &apos;DESKTOP-MDH6837&apos;, ip: &apos;192.168.217.1&apos;, os.name: &apos;Windows 10&apos;, os.arch: &apos;amd64&apos;, os.version: &apos;10.0&apos;, java.version: &apos;1.8.0_144&apos;
Driver info: driver.version: unknown
	at &lt;anonymous class&gt;.FirefoxDriver.prototype.findElementInternal_(file:///C:/Users/darsh/AppData/Local/Temp/anonymous5558711799230897170webdriver-profile/extensions/fxdriver@googlecode.com/components/driver-component.js:10770)
	at &lt;anonymous class&gt;.fxdriver.Timer.prototype.setTimeout/&lt;.notify(file:///C:/Users/darsh/AppData/Local/Temp/anonymous5558711799230897170webdriver-profile/extensions/fxdriver@googlecode.com/components/driver-component.js:625)
</failure>
  </testcase>
  <testcase classname="TestNgDemo.TestNgMaven.AppTest" name="testApp on testApp(TestNgDemo.TestNgMaven.AppTest)" time="6.408"/>
</testsuite>